<?xml version="1.0" encoding="UTF-8"?>
<!-- Generated by org.testng.reporters.JUnitXMLReporter -->
<testsuite hostname="rupesh-System-Product-Name" ignored="0" name="Test" tests="1" failures="1" timestamp="13 Nov 2019 06:35:58 GMT" time="0.04" errors="0">
  <testcase name="Check_all_elements_which_are_required_on_home_page" time="0.015" classname="BDCollect_TestScenarios.Verify_Home_Page_Elements">
    <failure type="java.lang.NullPointerException">
      <![CDATA[java.lang.NullPointerException
at BDCollect_PageElements.Obj_Home_Page.HomePageLogo(Obj_Home_Page.java:255)
at BDCollect_TestScenarios.Verify_Home_Page_Elements.Check_all_elements_which_are_required_on_home_page(Verify_Home_Page_Elements.java:19)
... Removed 25 stack frames]]>
    </failure>
  </testcase> <!-- Check_all_elements_which_are_required_on_home_page -->
</testsuite> <!-- Test -->
